[WebServer] [plugin builtin:vite-reporter] 
[WebServer] (!) Some chunks are larger than 500 kB after minification. Consider:
[WebServer] - Using dynamic import() to code-split the application
[WebServer] - Use build.rolldownOptions.output.codeSplitting to improve chunking: https://rolldown.rs/reference/OutputOptions.codeSplitting
[WebServer] - Adjust chunk size limit for this warning via build.chunkSizeWarningLimit.

Running 18 tests using 2 workers

  -   1 [chromium-mobile] › tests/e2e/focustrack.spec.ts:40:1 › desktop dashboard flow renders and updates local state
  -   3 [chromium-mobile] › tests/e2e/focustrack.spec.ts:111:1 › desktop goal creation supports AI clarify and AI plan flow
  -   4 [chromium-mobile] › tests/e2e/focustrack.spec.ts:145:1 › desktop RAG panel answers a question from knowledge documents
  -   5 [chromium-mobile] › tests/e2e/focustrack.spec.ts:162:1 › desktop navigation opens four primary routes
  -   6 [chromium-mobile] › tests/e2e/focustrack.spec.ts:198:1 › email/password auth dialog renders sign in and sign up modes
  -   7 [chromium-mobile] › tests/e2e/focustrack.spec.ts:236:1 › desktop demo goal can be deleted
  -   8 [chromium-mobile] › tests/e2e/focustrack.spec.ts:265:1 › desktop demo can be closed back to the signed-out state
  ✓   9 [chromium-mobile] › tests/e2e/focustrack.spec.ts:281:1 › mobile dashboard keeps the primary content usable (879ms)
  -  10 [chromium-mobile] › tests/e2e/focustrack.spec.ts:297:1 › live Supabase flow persists created goals and task status
  ✓   2 [chromium-desktop] › tests/e2e/focustrack.spec.ts:40:1 › desktop dashboard flow renders and updates local state (3.1s)
  ✓  11 [chromium-desktop] › tests/e2e/focustrack.spec.ts:111:1 › desktop goal creation supports AI clarify and AI plan flow (840ms)
  ✓  12 [chromium-desktop] › tests/e2e/focustrack.spec.ts:145:1 › desktop RAG panel answers a question from knowledge documents (466ms)
  ✓  13 [chromium-desktop] › tests/e2e/focustrack.spec.ts:162:1 › desktop navigation opens four primary routes (2.3s)
  ✓  14 [chromium-desktop] › tests/e2e/focustrack.spec.ts:198:1 › email/password auth dialog renders sign in and sign up modes (610ms)
  ✓  15 [chromium-desktop] › tests/e2e/focustrack.spec.ts:236:1 › desktop demo goal can be deleted (2.1s)
  ✓  16 [chromium-desktop] › tests/e2e/focustrack.spec.ts:265:1 › desktop demo can be closed back to the signed-out state (423ms)
  -  17 [chromium-desktop] › tests/e2e/focustrack.spec.ts:281:1 › mobile dashboard keeps the primary content usable
  -  18 [chromium-desktop] › tests/e2e/focustrack.spec.ts:297:1 › live Supabase flow persists created goals and task status

  10 skipped
  8 passed (14.3s)
EXIT=0
