FocusTrack AI starter RAG production smoke
Date: 2026-06-25

Git / CI:
- Commit: c1b021652a6783d9fcaf5b7bb44b7784de20d37a
- GitHub Actions run: https://github.com/sborisov88/focustrack-ai/actions/runs/28139826719
- Quality gate: success
- Vercel frontend deploy: success
- Supabase deploy: skipped by workflow condition; no Edge Function changes in this commit

Production:
- Production alias: https://focustrack-ai.vercel.app
- Deployment URL: https://focustrack-2yx8lri9a-sborisov88s-projects.vercel.app
- GET /knowledge: 200
- Production asset: assets/index-BW00rx_I.js
- bundleHasStarterFlow: true
- bundleHasEmptyState: true
- healthStatus: 200
- healthDatabaseReachable: true
- POST /functions/v1/rag-answer without JWT: 401

Local browser smoke with authenticated Supabase user:
- /knowledge initially rendered empty state for a user without knowledge documents.
- "Создать стартовый источник" inserted a row into public.knowledge_documents.
- Source selector switched to "Журнал тренировок (стартовый источник)".
- "Спросить по заметкам" called rag-answer and rendered a grounded answer:
  "Самая длинная пробежка была на 8 неделе."
- Database check confirmed rows in public.knowledge_documents and public.knowledge_answers.
