
> focustrack-ai@0.1.0 build /Users/sborisov/Otus/ИИ-агенты продвинутое внедрение и использование/focustrack-ai
> tsc -b && vite build

vite v8.0.16 building client environment for production...
[2Ktransforming...✓ 2547 modules transformed.
rendering chunks...
computing gzip size...
dist/index.html                                                0.64 kB │ gzip:   0.42 kB
dist/assets/geist-cyrillic-ext-wght-normal-DjL33-gN.woff2      7.42 kB
dist/assets/geist-vietnamese-wght-normal-6IgcOCM7.woff2        8.00 kB
dist/assets/geist-cyrillic-wght-normal-BEAKL7Jp.woff2         15.08 kB
dist/assets/geist-latin-ext-wght-normal-DC-KSUi6.woff2        16.51 kB
dist/assets/geist-latin-wght-normal-BgDaEnEv.woff2            29.40 kB
dist/assets/index-zQHapXpH.css                                92.54 kB │ gzip:  15.33 kB
dist/assets/index-BqEWozcl.js                              1,007.19 kB │ gzip: 293.85 kB

✓ built in 361ms
[plugin builtin:vite-reporter]
(!) Some chunks are larger than 500 kB after minification. Consider:
- Using dynamic import() to code-split the application
- Use build.rolldownOptions.output.codeSplitting to improve chunking: https://rolldown.rs/reference/OutputOptions.codeSplitting
- Adjust chunk size limit for this warning via build.chunkSizeWarningLimit.
