Vercel CLI 54.14.0 (Node.js 26.3.0)
Retrieving project…
Deploying sborisov88s-projects/focustrack-ai
Uploading [--------------------] (0.0B/568.8KB)
Uploading [=====---------------] (147.2KB/568.8KB)
Uploading [==========----------] (295.7KB/568.8KB)
Uploading [===============-----] (439.3KB/568.8KB)
Uploading [====================] (568.8KB/568.8KB)
  Inspect     https://vercel.com/sborisov88s-projects/focustrack-ai/5xmKGgg6cF5my2adSDKMHzqU3rzh
▲ Production  https://focustrack-4icwj132d-sborisov88s-projects.vercel.app
Building…
Building…
Running build in Washington, D.C., USA (East) – iad1
Build machine configuration: 2 cores, 8 GB
Retrieving list of deployment files...
Previous build caches not available.
Downloading 132 deployment files...
Running "vercel build"
Vercel CLI 54.14.0
Detected `pnpm-lock.yaml` version 9 generated by pnpm@10.x with package.json#packageManager pnpm@10.28.2
Running "install" command: `pnpm install --frozen-lockfile`...
Lockfile is up to date, resolution step is skipped
Progress: resolved 1, reused 0, downloaded 0, added 0
Packages: +635
++++++++++++++++++++++++++++++++++++++++++++++++++++++++++++++++++++++++++++++++
Progress: resolved 635, reused 0, downloaded 39, added 8
Progress: resolved 635, reused 0, downloaded 83, added 22
Progress: resolved 635, reused 0, downloaded 148, added 46
Progress: resolved 635, reused 0, downloaded 239, added 78
Progress: resolved 635, reused 0, downloaded 362, added 123
Progress: resolved 635, reused 0, downloaded 453, added 153
Progress: resolved 635, reused 0, downloaded 549, added 180
Progress: resolved 635, reused 0, downloaded 618, added 204
Progress: resolved 635, reused 0, downloaded 635, added 440
Progress: resolved 635, reused 0, downloaded 635, added 598
Progress: resolved 635, reused 0, downloaded 635, added 635, done
dependencies:
+ @fontsource-variable/geist 5.2.9
+ @supabase/supabase-js 2.108.2
+ @tailwindcss/vite 4.3.1
+ @tanstack/react-query 5.101.0
+ class-variance-authority 0.7.1
+ clsx 2.1.1
+ date-fns 4.4.0
+ lucide-react 1.20.0
+ next-themes 0.4.6
+ radix-ui 1.6.0
+ react 19.2.7
+ react-dom 19.2.7
+ recharts 3.8.0
+ shadcn 4.11.0
+ sonner 2.0.7
+ tailwind-merge 3.6.0
+ tailwindcss 4.3.1
+ tw-animate-css 1.4.0
+ zod 4.4.3
devDependencies:
+ @eslint/js 10.0.1
+ @playwright/test 1.61.0
+ @testing-library/jest-dom 6.9.1
+ @testing-library/react 16.3.2
+ @types/node 25.9.3
+ @types/react 19.2.17
+ @types/react-dom 19.2.3
+ @vitejs/plugin-react 6.0.2
+ eslint 10.5.0
+ eslint-plugin-react-hooks 7.1.1
+ eslint-plugin-react-refresh 0.5.3
+ globals 17.6.0
+ jsdom 29.1.1
+ prettier 3.8.4
+ prettier-plugin-tailwindcss 0.8.0
+ typescript 6.0.3
+ typescript-eslint 8.61.1
+ vite 8.0.16
+ vitest 4.1.9
Done in 11.3s using pnpm v10.28.2
> focustrack-ai@0.1.0 build /vercel/path0
> tsc -b && vite build
[2K[1A[2K[G▲ Production  https://focustrack-4icwj132d-sborisov88s-projects.vercel.app
Completing…
▲ Aliased     https://focustrack-ai.vercel.app
{
  "status": "ok",
  "deployment": {
    "id": "dpl_5xmKGgg6cF5my2adSDKMHzqU3rzh",
    "url": "https://focustrack-4icwj132d-sborisov88s-projects.vercel.app",
    "inspectorUrl": "https://vercel.com/sborisov88s-projects/focustrack-ai/5xmKGgg6cF5my2adSDKMHzqU3rzh",
    "readyState": "READY",
    "target": "production",
    "deploymentApiUrl": "https://api.vercel.com/v13/deployments/dpl_5xmKGgg6cF5my2adSDKMHzqU3rzh"
  },
  "message": "Deployment focustrack-4icwj132d-sborisov88s-projects.vercel.app ready.",
  "next": [
    {
      "command": "vercel inspect focustrack-4icwj132d-sborisov88s-projects.vercel.app",
      "when": "Inspect deployment"
    },
    {
      "command": "vercel deploy --prod",
      "when": "Promote to production"
    }
  ]
}
